Added Component: Designator=J1(PINHEADER_1X4_TH)
Add component (AddParameter): Name = "Category"; Value = "Headers and Wire Housings"; VariantName = "[No Variations]"
Add component (AddParameter): Name = "ComponentLink1Description"; Value = "https://datasheet.ciiva.com/19462/2169758-19462353.pdf?src-supplier=Jameco"; VariantName = "[No Variations]"
Add component (AddParameter): Name = "ComponentLink1URL"; Value = "https://datasheet.ciiva.com/19462/2169758-19462353.pdf?src-supplier=Jameco"; VariantName = "[No Variations]"
Add component (AddParameter): Name = "Manufacturer"; Value = "Adam Equipment"; VariantName = "[No Variations]"
Add component (AddParameter): Name = "Manufacturer Part Number"; Value = "RS1-04-G"; VariantName = "[No Variations]"
Add component (AddParameter): Name = "Pricing"; Value = "1=0,31, 10=0,267, 80=0,20788, 800=0,15695, 1600=0,14084, 5600=0,12726, 10400=0,11878 (USD)"; VariantName = "[No Variations]"
Add component (AddParameter): Name = "RoHS"; Value = "No"; VariantName = "[No Variations]"
Add component (AddParameter): Name = "Stock"; Value = "4500"; VariantName = "[No Variations]"
Add component (AddParameter): Name = "Supplier"; Value = "Digi-Key"; VariantName = "[No Variations]"
Add component (AddParameter): Name = "Supplier Part Number"; Value = "2057-RS1-04-G-ND"; VariantName = "[No Variations]"
Add Component: Footprint Not Found PINHEADERS_1X4_TH
Added Pin To Net: NetName=5VDC Pin=J1-1
Added Pin To Net: NetName=NetJ1_2 Pin=J1-2
Added Pin To Net: NetName=NetJ1_3 Pin=J1-3
Added Pin To Net: NetName=GND Pin=J1-4
Add Pin To Net: Unknown Pin: Pin J3-1
Add Pin To Net: Unknown Pin: Pin J3-2
Add Pin To Net: Unknown Pin: Pin J3-3
Add Pin To Net: Unknown Pin: Pin J3-4
Added Member To Class: ClassName=STM32 Member=Component J1 RS1-04-G
Add Class Member: Failed to add class member : Component J3 RS1-04-G
